2020-11-18 11:55:56,159 - Added track to self.playlist += 1 - Mice On Venus by C418
2020-11-18 11:55:56,211 - Deleted track from self.playlist += 1 - You Gon’ Learn (feat. Royce Da 5'9" & White Gold) by Eminem, Royce Da 5'9", White Gold
2020-11-18 11:56:23,595 - Added track to self.playlist += 1 - Take From Me by Bad Meets Evil
2020-11-18 11:56:58,456 - Added track to self.playlist += 1 - Without Me by Eminem
2020-11-18 11:57:57,506 - Added track to self.playlist += 1 - Symphony No. 40 in G Minor, K. 550: I. Molto allegro by Wolfgang Amadeus Mozart, Riccardo Minasi, Ensemble Resonanz
2020-11-18 11:58:36,787 - Added track to self.playlist += 1 - Homicide (feat. Eminem) by Logic, Eminem
2020-11-18 11:58:36,835 - Deleted track from self.playlist += 1 - Mice On Venus by C418
2020-11-18 11:58:36,884 - Deleted track from self.playlist += 1 - Symphony No. 40 in G Minor, K. 550: I. Molto allegro by Wolfgang Amadeus Mozart, Riccardo Minasi, Ensemble Resonanz
2020-11-18 12:26:19,020 - Added track to self.playlist += 1 - The Four Seasons - Summer in G Minor, RV. 315: III. Presto by Antonio Vivaldi, Adrian Chandler, La Serenissima
2020-11-18 12:26:19,070 - Added track to self.playlist += 1 - The Search by NF
2020-11-18 12:28:37,160 - Deleted track from self.playlist += 1 - The Four Seasons - Summer in G Minor, RV. 315: III. Presto by Antonio Vivaldi, Adrian Chandler, La Serenissima
2020-11-18 12:29:50,023 - Added track to self.playlist += 1 - The Four Seasons - Summer in G Minor, RV. 315: III. Presto by Antonio Vivaldi, Adrian Chandler, La Serenissima
2020-11-18 12:29:50,081 - Added track to self.playlist += 1 - Ballin by Logic
2020-11-18 12:32:55,782 - Deleted track from self.playlist += 1 - The Four Seasons - Summer in G Minor, RV. 315: III. Presto by Antonio Vivaldi, Adrian Chandler, La Serenissima
2020-11-18 12:32:55,834 - Deleted track from self.playlist += 1 - Ballin by Logic
2020-11-18 12:33:55,665 - Added track to self.playlist += 1 - Picasso by Hopsin
2020-11-18 12:33:55,713 - Added track to self.playlist += 1 - Code Red by Token
2020-11-18 12:33:55,762 - Deleted track from self.playlist += 1 - Homicide (feat. Eminem) by Logic, Eminem
2020-11-18 12:36:49,352 - Added track to "self.playlist += 1" - You Gon’ Learn (feat. Royce Da 5'9" & White Gold) by Eminem, Royce Da 5'9", White Gold
2020-11-18 12:36:49,399 - Deleted track from "self.playlist += 1" - Picasso by Hopsin
2020-11-18 12:36:49,445 - Deleted track from "self.playlist += 1" - Code Red by Token
2020-11-18 12:37:17,773 - Deleted track from "self.playlist += 1" - Still Be Friends (feat. Tory Lanez & Tyga) by G-Eazy, Tory Lanez, Tyga
2020-11-18 12:37:17,822 - Deleted track from "self.playlist += 1" - My Dad's Gone Crazy by Eminem, Hailie Jade
2020-11-18 12:37:17,866 - Deleted track from "self.playlist += 1" - Fight Music by D12
2020-11-18 12:37:17,913 - Deleted track from "self.playlist += 1" - 'Till I Collapse by Eminem, Nate Dogg
2020-11-18 12:37:17,960 - Deleted track from "self.playlist += 1" - Take From Me by Bad Meets Evil
2020-11-18 12:37:18,008 - Deleted track from "self.playlist += 1" - Without Me by Eminem
2020-11-18 12:37:18,055 - Deleted track from "self.playlist += 1" - You Gon’ Learn (feat. Royce Da 5'9" & White Gold) by Eminem, Royce Da 5'9", White Gold
2020-11-18 12:38:21,305 - Added track to "self.playlist += 1" - 'Till I Collapse by Eminem, Nate Dogg
2020-11-18 12:38:21,353 - Added track to "self.playlist += 1" - Without Me by Eminem
2020-11-18 12:38:21,400 - Added track to "self.playlist += 1" - My Dad's Gone Crazy by Eminem, Hailie Jade
2020-11-18 12:38:21,446 - Added track to "self.playlist += 1" - Fight Music by D12
2020-11-18 12:38:21,494 - Added track to "self.playlist += 1" - Take From Me by Bad Meets Evil
2020-11-18 12:38:21,540 - Added track to "self.playlist += 1" - Still Be Friends (feat. Tory Lanez & Tyga) by G-Eazy, Tory Lanez, Tyga
2020-11-18 12:38:21,586 - Added track to "self.playlist += 1" - Code Red by Token
2020-11-18 12:38:21,632 - Added track to "self.playlist += 1" - You Gon’ Learn (feat. Royce Da 5'9" & White Gold) by Eminem, Royce Da 5'9", White Gold
2020-11-18 12:38:21,678 - Added track to "self.playlist += 1" - Revenge by Joyner Lucas
2020-11-18 12:38:21,727 - Deleted track from "self.playlist += 1" - YEAH RIGHT by Joji
